Determining if the pthread_create exist failed with the following output:
Change Dir: /home/kurkure/dev_ws/src/Ar_Mainpulator/ebot_mani/CMakeFiles/CMakeTmp

Run Build Command:"/usr/bin/make" "cmTC_5f083/fast"
/usr/bin/make -f CMakeFiles/cmTC_5f083.dir/build.make CMakeFiles/cmTC_5f083.dir/build
make[1]: Entering directory '/home/kurkure/dev_ws/src/Ar_Mainpulator/ebot_mani/CMakeFiles/CMakeTmp'
Building C object CMakeFiles/cmTC_5f083.dir/CheckSymbolExists.c.o
/usr/bin/cc    -o CMakeFiles/cmTC_5f083.dir/CheckSymbolExists.c.o   -c /home/kurkure/dev_ws/src/Ar_Mainpulator/ebot_mani/CMakeFiles/CMakeTmp/CheckSymbolExists.c
Linking C executable cmTC_5f083
/usr/bin/cmake -E cmake_link_script CMakeFiles/cmTC_5f083.dir/link.txt --verbose=1
/usr/bin/cc      -rdynamic CMakeFiles/cmTC_5f083.dir/CheckSymbolExists.c.o  -o cmTC_5f083 
CMakeFiles/cmTC_5f083.dir/CheckSymbolExists.c.o: In function `main':
CheckSymbolExists.c:(.text+0x1b): undefined reference to `pthread_create'
collect2: error: ld returned 1 exit status
CMakeFiles/cmTC_5f083.dir/build.make:97: recipe for target 'cmTC_5f083' failed
make[1]: *** [cmTC_5f083] Error 1
make[1]: Leaving directory '/home/kurkure/dev_ws/src/Ar_Mainpulator/ebot_mani/CMakeFiles/CMakeTmp'
Makefile:126: recipe for target 'cmTC_5f083/fast' failed
make: *** [cmTC_5f083/fast] Error 2

File /home/kurkure/dev_ws/src/Ar_Mainpulator/ebot_mani/CMakeFiles/CMakeTmp/CheckSymbolExists.c:
/* */
#include <pthread.h>

int main(int argc, char** argv)
{
  (void)argv;
#ifndef pthread_create
  return ((int*)(&pthread_create))[argc];
#else
  (void)argc;
  return 0;
#endif
}

Determining if the function pthread_create exists in the pthreads failed with the following output:
Change Dir: /home/kurkure/dev_ws/src/Ar_Mainpulator/ebot_mani/CMakeFiles/CMakeTmp

Run Build Command:"/usr/bin/make" "cmTC_517d3/fast"
/usr/bin/make -f CMakeFiles/cmTC_517d3.dir/build.make CMakeFiles/cmTC_517d3.dir/build
make[1]: Entering directory '/home/kurkure/dev_ws/src/Ar_Mainpulator/ebot_mani/CMakeFiles/CMakeTmp'
Building C object CMakeFiles/cmTC_517d3.dir/CheckFunctionExists.c.o
/usr/bin/cc   -DCHECK_FUNCTION_EXISTS=pthread_create   -o CMakeFiles/cmTC_517d3.dir/CheckFunctionExists.c.o   -c /usr/share/cmake-3.10/Modules/CheckFunctionExists.c
Linking C executable cmTC_517d3
/usr/bin/cmake -E cmake_link_script CMakeFiles/cmTC_517d3.dir/link.txt --verbose=1
/usr/bin/cc  -DCHECK_FUNCTION_EXISTS=pthread_create    -rdynamic CMakeFiles/cmTC_517d3.dir/CheckFunctionExists.c.o  -o cmTC_517d3 -lpthreads 
/usr/bin/ld: cannot find -lpthreads
collect2: error: ld returned 1 exit status
CMakeFiles/cmTC_517d3.dir/build.make:97: recipe for target 'cmTC_517d3' failed
make[1]: *** [cmTC_517d3] Error 1
make[1]: Leaving directory '/home/kurkure/dev_ws/src/Ar_Mainpulator/ebot_mani/CMakeFiles/CMakeTmp'
Makefile:126: recipe for target 'cmTC_517d3/fast' failed
make: *** [cmTC_517d3/fast] Error 2


